生成启动时间为 22/06/29 16:39:47。
     1>项目“F:\冰球机器人\OpenCV3上位机\ConsoleApplication1\ConsoleApplication1.vcxproj”在节点 2 上(Rebuild 个目标)。
     1>ClCompile:
         D:\Microsoft Visual Studio 12.0\VC\bin\x86_amd64\CL.exe /c /Zi /nologo /W3 /WX- /sdl /Od /D WIN32 /D _DEBUG /D _CONSOLE /D _LIB /D _CRT_SECURE_NO_WARNINGS /D _UNICODE /D UNICODE /Gm /EHsc /RTC1 /MDd /GS /fp:precise /Zc:wchar_t /Zc:forScope /Fo"x64\Debug\\" /Fd"x64\Debug\vc120.pdb" /Gd /TP /errorReport:prompt serialport.cpp main.cpp
         main.cpp
     1>main.cpp(126): warning C4244: “=”: 从“float”转换到“int”，可能丢失数据
     1>main.cpp(127): warning C4244: “=”: 从“float”转换到“int”，可能丢失数据
     1>main.cpp(171): warning C4244: “=”: 从“double”转换到“int”，可能丢失数据
     1>main.cpp(173): warning C4244: “=”: 从“double”转换到“int”，可能丢失数据
     1>main.cpp(186): warning C4244: “=”: 从“double”转换到“int”，可能丢失数据
     1>main.cpp(191): warning C4244: “=”: 从“double”转换到“int”，可能丢失数据
     1>main.cpp(297): warning C4244: “初始化”: 从“double”转换到“float”，可能丢失数据
     1>main.cpp(304): warning C4267: “初始化”: 从“size_t”转换到“int”，可能丢失数据
     1>main.cpp(349): warning C4244: “初始化”: 从“double”转换到“float”，可能丢失数据
     1>main.cpp(362): warning C4267: “初始化”: 从“size_t”转换到“int”，可能丢失数据
     1>main.cpp(424): warning C4244: “=”: 从“double”转换到“long”，可能丢失数据
     1>main.cpp(686): warning C4305: “参数”: 从“double”到“float”截断
         serialport.cpp
         正在生成代码...
       Link:
         D:\Microsoft Visual Studio 12.0\VC\bin\x86_amd64\link.exe /ERRORREPORT:PROMPT /OUT:"F:\冰球机器人\OpenCV3上位机\x64\Debug\ConsoleApplication1.exe" /INCREMENTAL /NOLOGO opencv_calib3d330d.lib opencv_core330d.lib opencv_dnn330d.lib opencv_features2d330d.lib opencv_flann330d.lib opencv_highgui330d.lib opencv_imgcodecs330d.lib opencv_imgproc330d.lib opencv_ml330d.lib opencv_objdetect330d.lib opencv_photo330d.lib opencv_shape330d.lib opencv_stitching330d.lib opencv_superres330d.lib opencv_video330d.lib opencv_videoio330d.lib opencv_videostab330d.lib kernel32.lib user32.lib gdi32.lib winspool.lib comdlg32.lib advapi32.lib shell32.lib ole32.lib oleaut32.lib uuid.lib odbc32.lib odbccp32.lib /MANIFEST /MANIFESTUAC:"level='asInvoker' uiAccess='false'" /manifest:embed /DEBUG /PDB:"F:\冰球机器人\OpenCV3上位机\x64\Debug\ConsoleApplication1.pdb" /SUBSYSTEM:CONSOLE /TLBID:1 /DYNAMICBASE /NXCOMPAT /IMPLIB:"F:\冰球机器人\OpenCV3上位机\x64\Debug\ConsoleApplication1.lib" /MACHINE:X64 x64\Debug\serialport.obj
         x64\Debug\main.obj
         ConsoleApplication1.vcxproj -> F:\冰球机器人\OpenCV3上位机\x64\Debug\ConsoleApplication1.exe
     1>已完成生成项目“F:\冰球机器人\OpenCV3上位机\ConsoleApplication1\ConsoleApplication1.vcxproj”(Rebuild 个目标)的操作。

生成成功。

已用时间 00:00:03.72
